<?xml version="1.0" encoding="UTF-8"?>
<!-- Generated by org.testng.reporters.JUnitXMLReporter -->
<testsuite ignored="0" hostname="DESKTOP-3EMB382" failures="0" tests="11" name="Default test" time="159.417" errors="0" timestamp="2023-05-17T18:08:49 IST">
  <testcase classname="WebMathProject.MathforEveryoneandGeneralMathmodule" name="verifylinksofmathforeveryone" time="4.395"/>
  <testcase classname="WebMathProject.MathforEveryoneandGeneralMathmodule" name="salepriceCalculation" time="15.688"/>
  <testcase classname="WebMathProject.MathforEveryoneandGeneralMathmodule" name="PowerConversion" time="16.454"/>
  <testcase classname="WebMathProject.MathforEveryoneandGeneralMathmodule" name="LoanCalculation" time="13.999"/>
  <testcase classname="WebMathProject.MathforEveryoneandGeneralMathmodule" name="CostofElectricity" time="12.472"/>
  <testcase classname="WebMathProject.MathforEveryoneandGeneralMathmodule" name="Verifylinksofgeneralmath" time="3.606"/>
  <testcase classname="WebMathProject.MathforEveryoneandGeneralMathmodule" name="FactorCalculation" time="14.45"/>
  <testcase classname="WebMathProject.MathforEveryoneandGeneralMathmodule" name="FractiontoDecimalCalcution" time="12.745"/>
  <testcase classname="WebMathProject.MathforEveryoneandGeneralMathmodule" name="Reducefractionstolowestterm" time="14.036"/>
  <testcase classname="WebMathProject.MathforEveryoneandGeneralMathmodule" name="Additionoffraction" time="12.187"/>
  <testcase classname="WebMathProject.MathforEveryoneandGeneralMathmodule" name="clearingfilledform" time="8.762"/>
</testsuite> <!-- Default test -->
