<?xml version="1.0" encoding="UTF-8"?>
<!-- Generated by org.testng.reporters.JUnitXMLReporter -->
<testsuite ignored="6" hostname="DESKTOP-3EMB382" failures="0" tests="5" name="group" time="0.195" errors="0" timestamp="2023-05-17T18:19:01 IST">
  <testcase classname="WebMathProject.MathforEveryoneandGeneralMathmodule" name="verifylinksofmathforeveryone" time="0.038"/>
  <testcase classname="WebMathProject.MathforEveryoneandGeneralMathmodule" name="salepriceCalculation" time="0.003"/>
  <testcase classname="WebMathProject.MathforEveryoneandGeneralMathmodule" name="PowerConversion" time="0.007"/>
  <testcase classname="WebMathProject.MathforEveryoneandGeneralMathmodule" name="LoanCalculation" time="0.006"/>
  <testcase classname="WebMathProject.MathforEveryoneandGeneralMathmodule" name="CostofElectricity" time="0.009"/>
  <testcase classname="WebMathProject.MathforEveryoneandGeneralMathmodule" name="Additionoffraction" time="0.0">
    <ignored/>
  </testcase> <!-- Additionoffraction -->
  <testcase classname="WebMathProject.MathforEveryoneandGeneralMathmodule" name="Verifylinksofgeneralmath" time="0.0">
    <ignored/>
  </testcase> <!-- Verifylinksofgeneralmath -->
  <testcase classname="WebMathProject.MathforEveryoneandGeneralMathmodule" name="FractiontoDecimalCalcution" time="0.0">
    <ignored/>
  </testcase> <!-- FractiontoDecimalCalcution -->
  <testcase classname="WebMathProject.MathforEveryoneandGeneralMathmodule" name="Reducefractionstolowestterm" time="0.0">
    <ignored/>
  </testcase> <!-- Reducefractionstolowestterm -->
  <testcase classname="WebMathProject.MathforEveryoneandGeneralMathmodule" name="FactorCalculation" time="0.0">
    <ignored/>
  </testcase> <!-- FactorCalculation -->
  <testcase classname="WebMathProject.MathforEveryoneandGeneralMathmodule" name="clearingfilledform" time="0.0">
    <ignored/>
  </testcase> <!-- clearingfilledform -->
</testsuite> <!-- group -->
