<?xml version="1.0" encoding="UTF-8"?>
<!-- Generated by org.testng.reporters.JUnitXMLReporter -->
<testsuite ignored="0" hostname="DESKTOP-3EMB382" failures="0" tests="41" name="Test" time="689.147" errors="0" timestamp="2023-05-17T18:35:35 IST">
  <testcase classname="WebMathProject.K8MathsandTrigcalculus" name="VerifylinksofK8Math" time="4.136"/>
  <testcase classname="WebMathProject.K8MathsandTrigcalculus" name="Multiplicationcalculation" time="12.771"/>
  <testcase classname="WebMathProject.K8MathsandTrigcalculus" name="FindingRatio" time="13.31"/>
  <testcase classname="WebMathProject.K8MathsandTrigcalculus" name="ChamparingFractions" time="17.234"/>
  <testcase classname="WebMathProject.K8MathsandTrigcalculus" name="Calculatingareaofrectangle" time="15.629"/>
  <testcase classname="WebMathProject.K8MathsandTrigcalculus" name="Verifylinksoftrigandcalculus" time="3.961"/>
  <testcase classname="WebMathProject.K8MathsandTrigcalculus" name="simplifyingtrignometricexpression" time="12.385"/>
  <testcase classname="WebMathProject.K8MathsandTrigcalculus" name="Calculatingangleofrighttriangle" time="19.273"/>
  <testcase classname="WebMathProject.K8MathsandTrigcalculus" name="Cleartheentereddataofrightangles" time="17.686"/>
  <testcase classname="WebMathProject.K8MathsandTrigcalculus" name="Findingderivatives" time="12.058"/>
  <testcase classname="WebMathProject.K8MathsandTrigcalculus" name="solvingintergral" time="12.548"/>
  <testcase classname="WebMathProject.PlotsandGeometry" name="verifyLinksofPlotsandgeometry" time="4.856"/>
  <testcase classname="WebMathProject.PlotsandGeometry" name="PointsPlotting" time="9.622"/>
  <testcase classname="WebMathProject.PlotsandGeometry" name="PointPlottingClearEnteredData" time="11.143"/>
  <testcase classname="WebMathProject.PlotsandGeometry" name="CalculatingDiameterOfCircle" time="19.411"/>
  <testcase classname="WebMathProject.PlotsandGeometry" name="CalculatingSidesofSquare" time="15.482"/>
  <testcase classname="WebMathProject.PlotsandGeometry" name="CalculatingVolumeOfCylinder" time="19.384"/>
  <testcase classname="WebMathProject.PlotsandGeometry" name="CalculatingPerimeterOfRighttriangle" time="14.022"/>
  <testcase classname="WebMathProject.Webmathhomepage" name="Webmathurllaunch" time="9.752"/>
  <testcase classname="WebMathProject.Webmathhomepage" name="VerifyWebmathOptions" time="44.995"/>
  <testcase classname="WebMathProject.Webmathhomepage" name="verifydropdownoptions" time="4.208"/>
  <testcase classname="WebMathProject.MathforEveryoneandGeneralMathmodule" name="verifylinksofmathforeveryone" time="5.278"/>
  <testcase classname="WebMathProject.MathforEveryoneandGeneralMathmodule" name="salepriceCalculation" time="18.234"/>
  <testcase classname="WebMathProject.MathforEveryoneandGeneralMathmodule" name="PowerConversion" time="18.63"/>
  <testcase classname="WebMathProject.MathforEveryoneandGeneralMathmodule" name="LoanCalculation" time="14.987"/>
  <testcase classname="WebMathProject.MathforEveryoneandGeneralMathmodule" name="CostofElectricity" time="13.682"/>
  <testcase classname="WebMathProject.MathforEveryoneandGeneralMathmodule" name="Verifylinksofgeneralmath" time="3.896"/>
  <testcase classname="WebMathProject.MathforEveryoneandGeneralMathmodule" name="FactorCalculation" time="18.235"/>
  <testcase classname="WebMathProject.MathforEveryoneandGeneralMathmodule" name="FractiontoDecimalCalcution" time="19.295"/>
  <testcase classname="WebMathProject.MathforEveryoneandGeneralMathmodule" name="Reducefractionstolowestterm" time="15.078"/>
  <testcase classname="WebMathProject.MathforEveryoneandGeneralMathmodule" name="Additionoffraction" time="13.805"/>
  <testcase classname="WebMathProject.MathforEveryoneandGeneralMathmodule" name="clearingfilledform" time="11.614"/>
  <testcase classname="WebMathProject.Algebra" name="VerifylinksofAlgebra" time="4.602"/>
  <testcase classname="WebMathProject.Algebra" name="somplifyingproductofalgebricexpression" time="13.781"/>
  <testcase classname="WebMathProject.Algebra" name="Solvingquadraticequationbyfactoring" time="11.079"/>
  <testcase classname="WebMathProject.Algebra" name="Substractionofcomplexnumber" time="11.308"/>
  <testcase classname="WebMathProject.Algebra" name="PercentsCalculation" time="12.623"/>
  <testcase classname="WebMathProject.Algebra" name="multiplicationofpolynomials" time="10.483"/>
  <testcase classname="WebMathProject.Algebra" name="SolvingEquation" time="14.755"/>
  <testcase classname="WebMathProject.Algebra" name="FindingsquareRoots" time="10.607"/>
  <testcase classname="WebMathProject.Algebra" name="backToProblem" time="13.892"/>
</testsuite> <!-- Test -->
